<?xml version="1.0" encoding="UTF-8"?>
<!-- Generated by org.testng.reporters.JUnitReportReporter -->
<testsuite hostname="DESKTOP-SOJ1GP8" failures="0" tests="3" name="com.qa.opencart.tests.KeywordDrivenTest" time="0.103" errors="0" timestamp="2024-03-17T12:01:46 EDT" skipped="0">
  <testcase classname="com.qa.opencart.tests.KeywordDrivenTest" name="executeLoginTest" time="0.004"/>
  <testcase classname="com.qa.opencart.tests.KeywordDrivenTest" name="executeSearchTest" time="0.018"/>
  <testcase classname="com.qa.opencart.tests.KeywordDrivenTest" name="executeHomeTest" time="0.081"/>
</testsuite> <!-- com.qa.opencart.tests.KeywordDrivenTest -->
